<?xml version="1.0" encoding="UTF-8"?>
<testng-results ignored="0" total="1" passed="1" failed="0" skipped="0">
  <reporter-output>
  </reporter-output>
  <suite started-at="2025-03-21T00:21:55 IST" name="Suite" finished-at="2025-03-21T00:22:03 IST" duration-ms="8481">
    <groups>
    </groups>
    <test started-at="2025-03-21T00:21:55 IST" name="Test" finished-at="2025-03-21T00:22:03 IST" duration-ms="8481">
      <class name="testCases.TC002_LoginTest">
        <test-method is-config="true" signature="setup(java.lang.String)[pri:0, instance:testCases.TC002_LoginTest@3cd3e762]" started-at="2025-03-21T00:21:55 IST" name="setup" finished-at="2025-03-21T00:22:00 IST" duration-ms="5325" status="PASS">
          <params>
            <param index="0">
              <value>
                <![CDATA[chrome]]>
              </value>
            </param>
          </params>
          <reporter-output>
          </reporter-output>
        </test-method> <!-- setup -->
        <test-method signature="login()[pri:0, instance:testCases.TC002_LoginTest@3cd3e762]" started-at="2025-03-21T00:22:00 IST" name="login" finished-at="2025-03-21T00:22:03 IST" duration-ms="2404" status="PASS">
          <reporter-output>
          </reporter-output>
        </test-method> <!-- login -->
        <test-method is-config="true" signature="tearDown()[pri:0, instance:testCases.TC002_LoginTest@3cd3e762]" started-at="2025-03-21T00:22:03 IST" name="tearDown" finished-at="2025-03-21T00:22:03 IST" duration-ms="580" status="PASS">
          <reporter-output>
          </reporter-output>
        </test-method> <!-- tearDown -->
      </class> <!-- testCases.TC002_LoginTest -->
    </test> <!-- Test -->
  </suite> <!-- Suite -->
</testng-results>
